[debug] [2017-08-28T11:48:44.258Z] ----------------------------------------------------------------------
[debug] [2017-08-28T11:48:44.262Z] Command:       /usr/bin/nodejs /usr/local/bin/firebase deploy
[debug] [2017-08-28T11:48:44.262Z] CLI Version:   3.9.2
[debug] [2017-08-28T11:48:44.262Z] Platform:      linux
[debug] [2017-08-28T11:48:44.262Z] Node Version:  v8.3.0
[debug] [2017-08-28T11:48:44.262Z] Time:          Mon Aug 28 2017 17:18:44 GMT+0530 (IST)
[debug] [2017-08-28T11:48:44.262Z] ----------------------------------------------------------------------
[debug] 
[debug] [2017-08-28T11:48:44.273Z] > command requires scopes: ["email","openid","https://www.googleapis.com/auth/cloudplatformprojects.readonly","https://www.googleapis.com/auth/firebase","https://www.googleapis.com/auth/cloud-platform"]
[debug] [2017-08-28T11:48:44.273Z] > authorizing via signed-in user
[debug] [2017-08-28T11:48:44.275Z] >>> HTTP REQUEST GET https://admin.firebase.com/v1/projects/audit-app-819d8  
 Mon Aug 28 2017 17:18:44 GMT+0530 (IST)
[debug] [2017-08-28T11:48:44.629Z] Error: socket hang up
    at TLSSocket.onHangUp (_tls_wrap.js:1130:19)
    at Object.onceWrapper (events.js:314:30)
    at emitNone (events.js:110:20)
    at TLSSocket.emit (events.js:207:7)
    at endReadableNT (_stream_readable.js:1045:12)
    at _combinedTickCallback (internal/process/next_tick.js:138:11)
    at process._tickCallback (internal/process/next_tick.js:180:9)
[error] 
[error] Error: Server Error. socket hang up
